<?xml version="1.0" encoding="UTF-8"?>
<!-- Generated by org.testng.reporters.JUnitXMLReporter -->
<testsuite hostname="DESKTOP-IFNC9UU" name="Test" tests="1" failures="1" timestamp="10 Nov 2019 05:33:50 GMT" time="0.059" errors="0">
  <testcase name="DriverFunction" time="0.033" classname="co.selenium.DriverScriptTestNG">
    <failure type="java.lang.NoClassDefFoundError" message="org/apache/xmlbeans/XmlObject">
      <![CDATA[java.lang.NoClassDefFoundError: org/apache/xmlbeans/XmlObject
	at co.selenium.Utils.setExcelFile(Utils.java:36)
	at co.selenium.DriverScriptTestNG.DriverFunction(DriverScriptTestNG.java:19)
Caused by: java.lang.ClassNotFoundException: org.apache.xmlbeans.XmlObject
	at java.net.URLClassLoader.findClass(Unknown Source)
	at java.lang.ClassLoader.loadClass(Unknown Source)
	at sun.misc.Launcher$AppClassLoader.loadClass(Unknown Source)
	at java.lang.ClassLoader.loadClass(Unknown Source)
	... 25 more
... Removed 23 stack frames]]>
    </failure>
  </testcase> <!-- DriverFunction -->
</testsuite> <!-- Test -->
